[35m[Appium][39m Welcome to Appium v1.22.0
[35m[Appium][39m Non-default server args:
[35m[Appium][39m   port: 64307
[35m[Appium][39m   loglevel: info
[35m[Appium][39m   tmpDir: /var/folders/qg/kpqlpw3s4ts4y41wj6htghnc0000gn/T//Katalon/Appium/Temp1693239587780
[35m[Appium][39m   chromedriverPort: 64310
[35m[Appium][39m Deprecated server args:
[35m[Appium][39m   [31m--chromedriver-port[39m => --default-capabilities
[35m[Appium][39m Default capabilities, which will be added to each request unless overridden by desired capabilities:
[35m[Appium][39m   chromedriverPort: 64310
[35m[Appium][39m Appium REST http interface listener started on 0.0.0.0:64307
[35m[HTTP][39m [37m-->[39m [37mGET[39m [37m/wd/hub/status[39m
[35m[HTTP][39m [90m{}[39m
[35m[HTTP][39m [37m<-- GET /wd/hub/status [39m[32m200[39m [90m4 ms - 68[39m
[35m[HTTP][39m [90m[39m
[35m[HTTP][39m [37m-->[39m [37mGET[39m [37m/wd/hub/status[39m
[35m[HTTP][39m [90m{}[39m
[35m[HTTP][39m [37m<-- GET /wd/hub/status [39m[32m200[39m [90m1 ms - 68[39m
[35m[HTTP][39m [90m[39m
[35m[HTTP][39m [37m-->[39m [37mPOST[39m [37m/wd/hub/session[39m
[35m[HTTP][39m [90m{"desiredCapabilities":{"app":"/Users/lidya/Downloads/Wina/Git Hub/automation-mobile/androidapp/com.mobileappruparupa_2023-08-11.apk","noReset":true,"appWaitActivity":"*","deviceId":"","deviceName":"Genymobile Phone (Android 11)","fullReset":false,"platform":"ANDROID","newCommandTimeout":1800,"platformVersion":"11","automationName":"uiautomator2","autoGrantPermissions":true,"platformName":"Android","udid":"127.0.0.1:6555","systemPort":64318},"capabilities":{"firstMatch":[{"appium:app":"/Users/lidya/Downloads/Wina/Git Hub/automation-mobile/androidapp/com.mobileappruparupa_2023-08-11.apk","appium:appWaitActivity":"*","appium:autoGrantPermissions":true,"appium:automationName":"uiautomator2","deviceId":"","appium:deviceName":"Genymobile Phone (Android 11)","appium:fullReset":false,"appium:newCommandTimeout":1800,"appium:noReset":true,"platform":"ANDROID","platformName":"android","appium:platformVersion":"11","appium:systemPort":64318,"appium:udid":"127.0.0.1:6555"}]}}[39m
[35m[BaseDriver][39m The following capabilities are not standard capabilities and should have an extension prefix:
[35m[BaseDriver][39m   deviceId
[35m[BaseDriver][39m   platform
[35m[BaseDriver][39m   chromedriverPort
[35m[Appium][39m Appium v1.22.0 creating new AndroidUiautomator2Driver (v1.69.0) session
[35m[BaseDriver][39m The following capabilities were provided, but are not recognized by Appium:
[35m[BaseDriver][39m   deviceId
[35m[BaseDriver][39m   platform
[35m[BaseDriver][39m Session created with session id: 5ac440ef-8687-416b-855b-ca14d38ff396
[35m[BaseDriver][39m Using local app '/Users/lidya/Downloads/Wina/Git Hub/automation-mobile/androidapp/com.mobileappruparupa_2023-08-11.apk'
[35m[ADB][39m Found 1 'build-tools' folders under '/Users/lidya/.katalon/tools/android_sdk' (newest first):
[35m[ADB][39m     /Users/lidya/.katalon/tools/android_sdk/build-tools/29.0.3
[35m[ADB][39m Using 'adb' from '/Users/lidya/.katalon/tools/android_sdk/platform-tools/adb'
[35m[AndroidDriver][39m Retrieving device list
[35m[AndroidDriver][39m Using device: 127.0.0.1:6555
[35m[ADB][39m Using 'adb' from '/Users/lidya/.katalon/tools/android_sdk/platform-tools/adb'
[35m[ADB][39m Getting device platform version
[35m[UiAutomator2][39m Relaxing hidden api policy
[35m[ADB][39m Package name: 'com.mobileappruparupa'
[35m[ADB][39m Main activity name: 'com.mobileappruparupa.MainActivity'
[35m[ADB][39m Using 'apksigner.jar' from '/Users/lidya/.katalon/tools/android_sdk/build-tools/29.0.3/lib/apksigner.jar'
[35m[ADB][39m '/usr/local/lib/node_modules/appium/node_modules/appium-uiautomator2-server/apks/appium-uiautomator2-server-v4.24.0.apk' is signed with the default certificate
[35m[ADB][39m '/usr/local/lib/node_modules/appium/node_modules/appium-uiautomator2-server/apks/appium-uiautomator2-server-debug-androidTest.apk' is signed with the default certificate
[35m[UiAutomator2][39m Server packages are not going to be (re)installed
[35m[ADB][39m Adding packages ["io.appium.settings","io.appium.uiautomator2.server","io.appium.uiautomator2.server.test"] to Doze whitelist
[35m[ADB][39m '/Users/lidya/Downloads/Wina/Git Hub/automation-mobile/androidapp/com.mobileappruparupa_2023-08-11.apk' is signed with a non-default certificate
[35m[ADB][39m The application at '/Users/lidya/Downloads/Wina/Git Hub/automation-mobile/androidapp/com.mobileappruparupa_2023-08-11.apk' will not be cached, because the device under test has confirmed the support of streamed installs
[35m[ADB][39m The installation of 'com.mobileappruparupa_2023-08-11.apk' took 800ms
[35m[UiAutomator2][39m Starting UIAutomator2 server 4.24.0
[35m[UiAutomator2][39m Using UIAutomator2 server from '/usr/local/lib/node_modules/appium/node_modules/appium-uiautomator2-server/apks/appium-uiautomator2-server-v4.24.0.apk' and test from '/usr/local/lib/node_modules/appium/node_modules/appium-uiautomator2-server/apks/appium-uiautomator2-server-debug-androidTest.apk'
[35m[UiAutomator2][39m Waiting up to 30000ms for UiAutomator2 to be online...
[35m[WD Proxy][39m socket hang up
[35m[WD Proxy][39m socket hang up
[35m[WD Proxy][39m Determined the downstream protocol as 'W3C'
[35m[AndroidDriver][39m Screen already unlocked, doing nothing
[35m[UiAutomator2][39m Starting 'com.mobileappruparupa/com.mobileappruparupa.MainActivity and waiting for 'com.mobileappruparupa/*'
[35m[Appium][39m New AndroidUiautomator2Driver session created successfully, session 5ac440ef-8687-416b-855b-ca14d38ff396 added to master session list
[35m[HTTP][39m [37m<-- POST /wd/hub/session [39m[32m200[39m [90m8579 ms - 1437[39m
[35m[HTTP][39m [90m[39m
[35m[HTTP][39m [37m-->[39m [37mGET[39m [37m/wd/hub/session/5ac440ef-8687-416b-855b-ca14d38ff396[39m
[35m[HTTP][39m [90m{}[39m
[35m[HTTP][39m [37m<-- GET /wd/hub/session/5ac440ef-8687-416b-855b-ca14d38ff396 [39m[32m200[39m [90m4 ms - 1391[39m
[35m[HTTP][39m [90m[39m
[35m[HTTP][39m [37m-->[39m [37mGET[39m [37m/wd/hub/session/5ac440ef-8687-416b-855b-ca14d38ff396[39m
[35m[HTTP][39m [90m{}[39m
[35m[HTTP][39m [37m<-- GET /wd/hub/session/5ac440ef-8687-416b-855b-ca14d38ff396 [39m[32m200[39m [90m12 ms - 1391[39m
[35m[HTTP][39m [90m[39m
[35m[HTTP][39m [37m-->[39m [37mGET[39m [37m/wd/hub/status[39m
[35m[HTTP][39m [90m{}[39m
[35m[HTTP][39m [37m<-- GET /wd/hub/status [39m[32m200[39m [90m0 ms - 68[39m
[35m[HTTP][39m [90m[39m
[35m[HTTP][39m [37m-->[39m [37mPOST[39m [37m/wd/hub/session/5ac440ef-8687-416b-855b-ca14d38ff396/timeouts[39m
[35m[HTTP][39m [90m{"implicit":60000}[39m
[35m[HTTP][39m [37m<-- POST /wd/hub/session/5ac440ef-8687-416b-855b-ca14d38ff396/timeouts [39m[32m200[39m [90m1 ms - 14[39m
[35m[HTTP][39m [90m[39m
[35m[HTTP][39m [37m-->[39m [37mGET[39m [37m/wd/hub/session/5ac440ef-8687-416b-855b-ca14d38ff396/source[39m
[35m[HTTP][39m [90m{}[39m
[35m[W3C (5ac440ef)][39m Driver proxy active, passing request on via HTTP proxy
[35m[WD Proxy][39m Replacing sessionId 5a72513e-6ad5-4143-9b93-c35d7c7c9a60 with 5ac440ef-8687-416b-855b-ca14d38ff396
[35m[HTTP][39m [37m<-- GET /wd/hub/session/5ac440ef-8687-416b-855b-ca14d38ff396/source [39m[32m200[39m [90m285 ms - 2292[39m
[35m[HTTP][39m [90m[39m
[35m[HTTP][39m [37m-->[39m [37mGET[39m [37m/wd/hub/session/5ac440ef-8687-416b-855b-ca14d38ff396/screenshot[39m
[35m[HTTP][39m [90m{}[39m
[35m[HTTP][39m [37m<-- GET /wd/hub/session/5ac440ef-8687-416b-855b-ca14d38ff396/screenshot [39m[32m200[39m [90m147 ms - 54768[39m
[35m[HTTP][39m [90m[39m
[35m[HTTP][39m [37m-->[39m [37mGET[39m [37m/wd/hub/session/5ac440ef-8687-416b-855b-ca14d38ff396/source[39m
[35m[HTTP][39m [90m{}[39m
[35m[W3C (5ac440ef)][39m Driver proxy active, passing request on via HTTP proxy
[35m[WD Proxy][39m Replacing sessionId 5a72513e-6ad5-4143-9b93-c35d7c7c9a60 with 5ac440ef-8687-416b-855b-ca14d38ff396
[35m[HTTP][39m [37m<-- GET /wd/hub/session/5ac440ef-8687-416b-855b-ca14d38ff396/source [39m[32m200[39m [90m2298 ms - 11812[39m
[35m[HTTP][39m [90m[39m
[35m[HTTP][39m [37m-->[39m [37mGET[39m [37m/wd/hub/session/5ac440ef-8687-416b-855b-ca14d38ff396/screenshot[39m
[35m[HTTP][39m [90m{}[39m
[35m[HTTP][39m [37m<-- GET /wd/hub/session/5ac440ef-8687-416b-855b-ca14d38ff396/screenshot [39m[32m200[39m [90m152 ms - 506360[39m
[35m[HTTP][39m [90m[39m
[35m[HTTP][39m [37m-->[39m [37mGET[39m [37m/wd/hub/session/5ac440ef-8687-416b-855b-ca14d38ff396/source[39m
[35m[HTTP][39m [90m{}[39m
[35m[W3C (5ac440ef)][39m Driver proxy active, passing request on via HTTP proxy
[35m[WD Proxy][39m Replacing sessionId 5a72513e-6ad5-4143-9b93-c35d7c7c9a60 with 5ac440ef-8687-416b-855b-ca14d38ff396
[35m[HTTP][39m [37m<-- GET /wd/hub/session/5ac440ef-8687-416b-855b-ca14d38ff396/source [39m[32m200[39m [90m143 ms - 37803[39m
[35m[HTTP][39m [90m[39m
[35m[HTTP][39m [37m-->[39m [37mGET[39m [37m/wd/hub/session/5ac440ef-8687-416b-855b-ca14d38ff396/screenshot[39m
[35m[HTTP][39m [90m{}[39m
[35m[HTTP][39m [37m<-- GET /wd/hub/session/5ac440ef-8687-416b-855b-ca14d38ff396/screenshot [39m[32m200[39m [90m101 ms - 135700[39m
[35m[HTTP][39m [90m[39m
[35m[HTTP][39m [37m-->[39m [37mGET[39m [37m/wd/hub/session/5ac440ef-8687-416b-855b-ca14d38ff396/context[39m
[35m[HTTP][39m [90m{}[39m
[35m[HTTP][39m [37m<-- GET /wd/hub/session/5ac440ef-8687-416b-855b-ca14d38ff396/context [39m[32m200[39m [90m2 ms - 22[39m
[35m[HTTP][39m [90m[39m
[35m[HTTP][39m [37m-->[39m [37mGET[39m [37m/wd/hub/session/5ac440ef-8687-416b-855b-ca14d38ff396/contexts[39m
[35m[HTTP][39m [90m{}[39m
[35m[HTTP][39m [37m<-- GET /wd/hub/session/5ac440ef-8687-416b-855b-ca14d38ff396/contexts [39m[32m200[39m [90m46 ms - 24[39m
[35m[HTTP][39m [90m[39m
[35m[HTTP][39m [37m-->[39m [37mPOST[39m [37m/wd/hub/session/5ac440ef-8687-416b-855b-ca14d38ff396/context[39m
[35m[HTTP][39m [90m{"name":"NATIVE_APP"}[39m
[35m[HTTP][39m [37m<-- POST /wd/hub/session/5ac440ef-8687-416b-855b-ca14d38ff396/context [39m[32m200[39m [90m1 ms - 14[39m
[35m[HTTP][39m [90m[39m
[35m[HTTP][39m [37m-->[39m [37mPOST[39m [37m/wd/hub/session/5ac440ef-8687-416b-855b-ca14d38ff396/element[39m
[35m[HTTP][39m [90m{"using":"-android uiautomator","value":"new UiScrollable(new UiSelector().scrollable(true).instance(0)).scrollIntoView(new UiSelector().textContains(\"Tanggal Lahir\"))"}[39m
[35m[HTTP][39m [37m<-- POST /wd/hub/session/5ac440ef-8687-416b-855b-ca14d38ff396/element [39m[32m200[39m [90m29 ms - 137[39m
[35m[HTTP][39m [90m[39m
[35m[HTTP][39m [37m-->[39m [37mPOST[39m [37m/wd/hub/session/5ac440ef-8687-416b-855b-ca14d38ff396/context[39m
[35m[HTTP][39m [90m{"name":"NATIVE_APP"}[39m
[35m[HTTP][39m [37m<-- POST /wd/hub/session/5ac440ef-8687-416b-855b-ca14d38ff396/context [39m[32m200[39m [90m1 ms - 14[39m
[35m[HTTP][39m [90m[39m
[35m[HTTP][39m [37m-->[39m [37mGET[39m [37m/wd/hub/session/5ac440ef-8687-416b-855b-ca14d38ff396/source[39m
[35m[HTTP][39m [90m{}[39m
[35m[W3C (5ac440ef)][39m Driver proxy active, passing request on via HTTP proxy
[35m[WD Proxy][39m Replacing sessionId 5a72513e-6ad5-4143-9b93-c35d7c7c9a60 with 5ac440ef-8687-416b-855b-ca14d38ff396
[35m[HTTP][39m [37m<-- GET /wd/hub/session/5ac440ef-8687-416b-855b-ca14d38ff396/source [39m[32m200[39m [90m44 ms - 36421[39m
[35m[HTTP][39m [90m[39m
[35m[HTTP][39m [37m-->[39m [37mGET[39m [37m/wd/hub/session/5ac440ef-8687-416b-855b-ca14d38ff396/screenshot[39m
[35m[HTTP][39m [90m{}[39m
[35m[HTTP][39m [37m<-- GET /wd/hub/session/5ac440ef-8687-416b-855b-ca14d38ff396/screenshot [39m[32m200[39m [90m91 ms - 135606[39m
[35m[HTTP][39m [90m[39m
[35m[HTTP][39m [37m-->[39m [37mPOST[39m [37m/wd/hub/session/5ac440ef-8687-416b-855b-ca14d38ff396/elements[39m
[35m[HTTP][39m [90m{"using":"xpath","value":"//*[@class = 'android.widget.TextView' and (@text = 'Tanggal Lahir' or . = 'Tanggal Lahir')]"}[39m
[35m[HTTP][39m [37m<-- POST /wd/hub/session/5ac440ef-8687-416b-855b-ca14d38ff396/elements [39m[32m200[39m [90m66 ms - 139[39m
[35m[HTTP][39m [90m[39m
[35m[HTTP][39m [37m-->[39m [37mGET[39m [37m/wd/hub/session/5ac440ef-8687-416b-855b-ca14d38ff396/window/rect[39m
[35m[HTTP][39m [90m{}[39m
[35m[HTTP][39m [37m<-- GET /wd/hub/session/5ac440ef-8687-416b-855b-ca14d38ff396/window/rect [39m[32m200[39m [90m6 ms - 49[39m
[35m[HTTP][39m [90m[39m
[35m[HTTP][39m [37m-->[39m [37mPOST[39m [37m/wd/hub/session/5ac440ef-8687-416b-855b-ca14d38ff396/elements[39m
[35m[HTTP][39m [90m{"using":"xpath","value":"//*[@class = 'android.widget.TextView' and (@text = 'Tanggal Lahir' or . = 'Tanggal Lahir')]"}[39m
[35m[HTTP][39m [37m<-- POST /wd/hub/session/5ac440ef-8687-416b-855b-ca14d38ff396/elements [39m[32m200[39m [90m33 ms - 139[39m
[35m[HTTP][39m [90m[39m
[35m[HTTP][39m [37m-->[39m [37mGET[39m [37m/wd/hub/session/5ac440ef-8687-416b-855b-ca14d38ff396/element/00000000-0000-0065-ffff-ffff0000053b/location[39m
[35m[HTTP][39m [90m{}[39m
[35m[W3C (5ac440ef)][39m Driver proxy active, passing request on via HTTP proxy
[35m[WD Proxy][39m Replacing sessionId 5a72513e-6ad5-4143-9b93-c35d7c7c9a60 with 5ac440ef-8687-416b-855b-ca14d38ff396
[35m[HTTP][39m [37m<-- GET /wd/hub/session/5ac440ef-8687-416b-855b-ca14d38ff396/element/00000000-0000-0065-ffff-ffff0000053b/location [39m[32m200[39m [90m6 ms - 78[39m
[35m[HTTP][39m [90m[39m
[35m[HTTP][39m [37m-->[39m [37mPOST[39m [37m/wd/hub/session/5ac440ef-8687-416b-855b-ca14d38ff396/element/00000000-0000-0065-ffff-ffff0000053b/click[39m
[35m[HTTP][39m [90m{"id":"00000000-0000-0065-ffff-ffff0000053b"}[39m
[35m[HTTP][39m [37m<-- POST /wd/hub/session/5ac440ef-8687-416b-855b-ca14d38ff396/element/00000000-0000-0065-ffff-ffff0000053b/click [39m[32m200[39m [90m29 ms - 14[39m
[35m[HTTP][39m [90m[39m
[35m[HTTP][39m [37m-->[39m [37mGET[39m [37m/wd/hub/session/5ac440ef-8687-416b-855b-ca14d38ff396/source[39m
[35m[HTTP][39m [90m{}[39m
[35m[W3C (5ac440ef)][39m Driver proxy active, passing request on via HTTP proxy
[35m[WD Proxy][39m Replacing sessionId 5a72513e-6ad5-4143-9b93-c35d7c7c9a60 with 5ac440ef-8687-416b-855b-ca14d38ff396
[35m[HTTP][39m [37m<-- GET /wd/hub/session/5ac440ef-8687-416b-855b-ca14d38ff396/source [39m[32m200[39m [90m51 ms - 36421[39m
[35m[HTTP][39m [90m[39m
[35m[HTTP][39m [37m-->[39m [37mGET[39m [37m/wd/hub/session/5ac440ef-8687-416b-855b-ca14d38ff396/screenshot[39m
[35m[HTTP][39m [90m{}[39m
[35m[HTTP][39m [37m<-- GET /wd/hub/session/5ac440ef-8687-416b-855b-ca14d38ff396/screenshot [39m[32m200[39m [90m88 ms - 135170[39m
[35m[HTTP][39m [90m[39m
[35m[HTTP][39m [37m-->[39m [37mGET[39m [37m/wd/hub/session/5ac440ef-8687-416b-855b-ca14d38ff396/source[39m
[35m[HTTP][39m [90m{}[39m
[35m[W3C (5ac440ef)][39m Driver proxy active, passing request on via HTTP proxy
[35m[WD Proxy][39m Replacing sessionId 5a72513e-6ad5-4143-9b93-c35d7c7c9a60 with 5ac440ef-8687-416b-855b-ca14d38ff396
[35m[HTTP][39m [37m<-- GET /wd/hub/session/5ac440ef-8687-416b-855b-ca14d38ff396/source [39m[32m200[39m [90m36 ms - 40291[39m
[35m[HTTP][39m [90m[39m
[35m[HTTP][39m [37m-->[39m [37mGET[39m [37m/wd/hub/session/5ac440ef-8687-416b-855b-ca14d38ff396/screenshot[39m
[35m[HTTP][39m [90m{}[39m
[35m[HTTP][39m [37m<-- GET /wd/hub/session/5ac440ef-8687-416b-855b-ca14d38ff396/screenshot [39m[32m200[39m [90m90 ms - 164708[39m
[35m[HTTP][39m [90m[39m
[35m[HTTP][39m [37m-->[39m [37mPOST[39m [37m/wd/hub/session/5ac440ef-8687-416b-855b-ca14d38ff396/elements[39m
[35m[HTTP][39m [90m{"using":"xpath","value":"//*[@class = 'android.view.ViewGroup' and (@text = '' or . = '')]"}[39m
[35m[HTTP][39m [37m<-- POST /wd/hub/session/5ac440ef-8687-416b-855b-ca14d38ff396/elements [39m[32m200[39m [90m50 ms - 4875[39m
[35m[HTTP][39m [90m[39m
[35m[HTTP][39m [37m-->[39m [37mPOST[39m [37m/wd/hub/session/5ac440ef-8687-416b-855b-ca14d38ff396/elements[39m
[35m[HTTP][39m [90m{"using":"-android uiautomator","value":"new UiSelector().className(\"android.view.ViewGroup\")"}[39m
[35m[HTTP][39m [37m<-- POST /wd/hub/session/5ac440ef-8687-416b-855b-ca14d38ff396/elements [39m[32m200[39m [90m79 ms - 4875[39m
[35m[HTTP][39m [90m[39m
[35m[HTTP][39m [37m-->[39m [37mGET[39m [37m/wd/hub/session/5ac440ef-8687-416b-855b-ca14d38ff396/window/rect[39m
[35m[HTTP][39m [90m{}[39m
[35m[HTTP][39m [37m<-- GET /wd/hub/session/5ac440ef-8687-416b-855b-ca14d38ff396/window/rect [39m[32m200[39m [90m5 ms - 49[39m
[35m[HTTP][39m [90m[39m
[35m[HTTP][39m [37m-->[39m [37mPOST[39m [37m/wd/hub/session/5ac440ef-8687-416b-855b-ca14d38ff396/elements[39m
[35m[HTTP][39m [90m{"using":"xpath","value":"//hierarchy/android.widget.FrameLayout[1]/android.widget.LinearLayout[1]/android.widget.FrameLayout[1]/android.widget.LinearLayout[1]/android.widget.FrameLayout[1]/android.widget.FrameLayout[1]/android.view.ViewGroup[1]/android.view.ViewGroup[1]/android.view.ViewGroup[1]/android.view.ViewGroup[1]/android.view.ViewGroup[1]/android.widget.FrameLayout[1]/android.view.ViewGroup[1]/android.view.ViewGroup[1]/android.view.ViewGroup[1]/android.view.ViewGroup[1]/android.view.ViewGroup[1]/android.view.ViewGroup[1]/android.widget.FrameLayout[1]/android.view.ViewGroup[1]/android.view.ViewGroup[1]/android.view.ViewGroup[1]/android.widget.ScrollView[1]/android.view.ViewGroup[1]/android.view.ViewGroup[1]/android.view.ViewGroup[7]"}[39m
[35m[HTTP][39m [37m<-- POST /wd/hub/session/5ac440ef-8687-416b-855b-ca14d38ff396/elements [39m[32m200[39m [90m28 ms - 139[39m
[35m[HTTP][39m [90m[39m
[35m[HTTP][39m [37m-->[39m [37mGET[39m [37m/wd/hub/session/5ac440ef-8687-416b-855b-ca14d38ff396/element/00000000-0000-0065-ffff-ffff000004f5/location[39m
[35m[HTTP][39m [90m{}[39m
[35m[W3C (5ac440ef)][39m Driver proxy active, passing request on via HTTP proxy
[35m[WD Proxy][39m Replacing sessionId 5a72513e-6ad5-4143-9b93-c35d7c7c9a60 with 5ac440ef-8687-416b-855b-ca14d38ff396
[35m[HTTP][39m [37m<-- GET /wd/hub/session/5ac440ef-8687-416b-855b-ca14d38ff396/element/00000000-0000-0065-ffff-ffff000004f5/location [39m[32m200[39m [90m4 ms - 77[39m
[35m[HTTP][39m [90m[39m
[35m[HTTP][39m [37m-->[39m [37mPOST[39m [37m/wd/hub/session/5ac440ef-8687-416b-855b-ca14d38ff396/element/00000000-0000-0065-ffff-ffff000004f5/click[39m
[35m[HTTP][39m [90m{"id":"00000000-0000-0065-ffff-ffff000004f5"}[39m
[35m[HTTP][39m [37m<-- POST /wd/hub/session/5ac440ef-8687-416b-855b-ca14d38ff396/element/00000000-0000-0065-ffff-ffff000004f5/click [39m[32m200[39m [90m27 ms - 14[39m
[35m[HTTP][39m [90m[39m
[35m[HTTP][39m [37m-->[39m [37mGET[39m [37m/wd/hub/session/5ac440ef-8687-416b-855b-ca14d38ff396/source[39m
[35m[HTTP][39m [90m{}[39m
[35m[W3C (5ac440ef)][39m Driver proxy active, passing request on via HTTP proxy
[35m[WD Proxy][39m Replacing sessionId 5a72513e-6ad5-4143-9b93-c35d7c7c9a60 with 5ac440ef-8687-416b-855b-ca14d38ff396
[35m[HTTP][39m [37m<-- GET /wd/hub/session/5ac440ef-8687-416b-855b-ca14d38ff396/source [39m[32m200[39m [90m469 ms - 24232[39m
[35m[HTTP][39m [90m[39m
[35m[HTTP][39m [37m-->[39m [37mGET[39m [37m/wd/hub/session/5ac440ef-8687-416b-855b-ca14d38ff396/screenshot[39m
[35m[HTTP][39m [90m{}[39m
[35m[HTTP][39m [37m<-- GET /wd/hub/session/5ac440ef-8687-416b-855b-ca14d38ff396/screenshot [39m[32m200[39m [90m91 ms - 64358[39m
[35m[HTTP][39m [90m[39m
[35m[HTTP][39m [37m-->[39m [37mGET[39m [37m/wd/hub/session/5ac440ef-8687-416b-855b-ca14d38ff396/source[39m
[35m[HTTP][39m [90m{}[39m
[35m[W3C (5ac440ef)][39m Driver proxy active, passing request on via HTTP proxy
[35m[WD Proxy][39m Replacing sessionId 5a72513e-6ad5-4143-9b93-c35d7c7c9a60 with 5ac440ef-8687-416b-855b-ca14d38ff396
[35m[HTTP][39m [37m<-- GET /wd/hub/session/5ac440ef-8687-416b-855b-ca14d38ff396/source [39m[32m200[39m [90m24 ms - 34215[39m
[35m[HTTP][39m [90m[39m
[35m[HTTP][39m [37m-->[39m [37mGET[39m [37m/wd/hub/session/5ac440ef-8687-416b-855b-ca14d38ff396/screenshot[39m
[35m[HTTP][39m [90m{}[39m
[35m[HTTP][39m [37m<-- GET /wd/hub/session/5ac440ef-8687-416b-855b-ca14d38ff396/screenshot [39m[32m200[39m [90m124 ms - 369342[39m
[35m[HTTP][39m [90m[39m
[35m[HTTP][39m [37m-->[39m [37mPOST[39m [37m/wd/hub/session/5ac440ef-8687-416b-855b-ca14d38ff396/elements[39m
[35m[HTTP][39m [90m{"using":"xpath","value":"//*[@class = 'android.view.ViewGroup' and (@text = '' or . = '')]"}[39m
[35m[HTTP][39m [37m<-- POST /wd/hub/session/5ac440ef-8687-416b-855b-ca14d38ff396/elements [39m[32m200[39m [90m40 ms - 4747[39m
[35m[HTTP][39m [90m[39m
[35m[HTTP][39m [37m-->[39m [37mPOST[39m [37m/wd/hub/session/5ac440ef-8687-416b-855b-ca14d38ff396/elements[39m
[35m[HTTP][39m [90m{"using":"-android uiautomator","value":"new UiSelector().className(\"android.view.ViewGroup\")"}[39m
[35m[HTTP][39m [37m<-- POST /wd/hub/session/5ac440ef-8687-416b-855b-ca14d38ff396/elements [39m[32m200[39m [90m75 ms - 4747[39m
[35m[HTTP][39m [90m[39m
[35m[HTTP][39m [37m-->[39m [37mGET[39m [37m/wd/hub/session/5ac440ef-8687-416b-855b-ca14d38ff396/window/rect[39m
[35m[HTTP][39m [90m{}[39m
[35m[HTTP][39m [37m<-- GET /wd/hub/session/5ac440ef-8687-416b-855b-ca14d38ff396/window/rect [39m[32m200[39m [90m3 ms - 49[39m
[35m[HTTP][39m [90m[39m
[35m[HTTP][39m [37m-->[39m [37mPOST[39m [37m/wd/hub/session/5ac440ef-8687-416b-855b-ca14d38ff396/elements[39m
[35m[HTTP][39m [90m{"using":"xpath","value":"//hierarchy/android.widget.FrameLayout[1]/android.widget.LinearLayout[1]/android.widget.FrameLayout[1]/android.widget.LinearLayout[1]/android.widget.FrameLayout[1]/android.widget.FrameLayout[1]/android.view.ViewGroup[1]/android.view.ViewGroup[1]/android.view.ViewGroup[1]/android.view.ViewGroup[1]/android.view.ViewGroup[1]/android.widget.FrameLayout[1]/android.view.ViewGroup[1]/android.view.ViewGroup[1]/android.view.ViewGroup[1]/android.view.ViewGroup[1]/android.view.ViewGroup[1]/android.view.ViewGroup[1]/android.widget.FrameLayout[1]/android.view.ViewGroup[1]/android.view.ViewGroup[1]/android.view.ViewGroup[1]/android.widget.ScrollView[1]/android.view.ViewGroup[1]/android.view.ViewGroup[2]/android.view.ViewGroup[1]/android.view.ViewGroup[2]"}[39m
[35m[HTTP][39m [37m<-- POST /wd/hub/session/5ac440ef-8687-416b-855b-ca14d38ff396/elements [39m[32m200[39m [90m16 ms - 139[39m
[35m[HTTP][39m [90m[39m
[35m[HTTP][39m [37m-->[39m [37mGET[39m [37m/wd/hub/session/5ac440ef-8687-416b-855b-ca14d38ff396/element/00000000-0000-0065-ffff-ffff00000556/location[39m
[35m[HTTP][39m [90m{}[39m
[35m[W3C (5ac440ef)][39m Driver proxy active, passing request on via HTTP proxy
[35m[WD Proxy][39m Replacing sessionId 5a72513e-6ad5-4143-9b93-c35d7c7c9a60 with 5ac440ef-8687-416b-855b-ca14d38ff396
[35m[HTTP][39m [37m<-- GET /wd/hub/session/5ac440ef-8687-416b-855b-ca14d38ff396/element/00000000-0000-0065-ffff-ffff00000556/location [39m[32m200[39m [90m5 ms - 77[39m
[35m[HTTP][39m [90m[39m
[35m[HTTP][39m [37m-->[39m [37mPOST[39m [37m/wd/hub/session/5ac440ef-8687-416b-855b-ca14d38ff396/element/00000000-0000-0065-ffff-ffff00000556/click[39m
[35m[HTTP][39m [90m{"id":"00000000-0000-0065-ffff-ffff00000556"}[39m
[35m[HTTP][39m [37m<-- POST /wd/hub/session/5ac440ef-8687-416b-855b-ca14d38ff396/element/00000000-0000-0065-ffff-ffff00000556/click [39m[32m200[39m [90m1036 ms - 14[39m
[35m[HTTP][39m [90m[39m
[35m[HTTP][39m [37m-->[39m [37mGET[39m [37m/wd/hub/session/5ac440ef-8687-416b-855b-ca14d38ff396/source[39m
[35m[HTTP][39m [90m{}[39m
[35m[W3C (5ac440ef)][39m Driver proxy active, passing request on via HTTP proxy
[35m[WD Proxy][39m Replacing sessionId 5a72513e-6ad5-4143-9b93-c35d7c7c9a60 with 5ac440ef-8687-416b-855b-ca14d38ff396
[35m[HTTP][39m [37m<-- GET /wd/hub/session/5ac440ef-8687-416b-855b-ca14d38ff396/source [39m[32m200[39m [90m42 ms - 34625[39m
[35m[HTTP][39m [90m[39m
[35m[HTTP][39m [37m-->[39m [37mGET[39m [37m/wd/hub/session/5ac440ef-8687-416b-855b-ca14d38ff396/screenshot[39m
[35m[HTTP][39m [90m{}[39m
[35m[HTTP][39m [37m<-- GET /wd/hub/session/5ac440ef-8687-416b-855b-ca14d38ff396/screenshot [39m[32m200[39m [90m94 ms - 102062[39m
[35m[HTTP][39m [90m[39m
[35m[HTTP][39m [37m-->[39m [37mGET[39m [37m/wd/hub/session/5ac440ef-8687-416b-855b-ca14d38ff396/source[39m
[35m[HTTP][39m [90m{}[39m
[35m[W3C (5ac440ef)][39m Driver proxy active, passing request on via HTTP proxy
[35m[WD Proxy][39m Replacing sessionId 5a72513e-6ad5-4143-9b93-c35d7c7c9a60 with 5ac440ef-8687-416b-855b-ca14d38ff396
[35m[HTTP][39m [37m<-- GET /wd/hub/session/5ac440ef-8687-416b-855b-ca14d38ff396/source [39m[32m200[39m [90m24 ms - 34215[39m
[35m[HTTP][39m [90m[39m
[35m[HTTP][39m [37m-->[39m [37mGET[39m [37m/wd/hub/session/5ac440ef-8687-416b-855b-ca14d38ff396/screenshot[39m
[35m[HTTP][39m [90m{}[39m
[35m[HTTP][39m [37m<-- GET /wd/hub/session/5ac440ef-8687-416b-855b-ca14d38ff396/screenshot [39m[32m200[39m [90m146 ms - 369388[39m
[35m[HTTP][39m [90m[39m
[35m[HTTP][39m [37m-->[39m [37mGET[39m [37m/wd/hub/session/5ac440ef-8687-416b-855b-ca14d38ff396/source[39m
[35m[HTTP][39m [90m{}[39m
[35m[W3C (5ac440ef)][39m Driver proxy active, passing request on via HTTP proxy
[35m[WD Proxy][39m Replacing sessionId 5a72513e-6ad5-4143-9b93-c35d7c7c9a60 with 5ac440ef-8687-416b-855b-ca14d38ff396
[35m[HTTP][39m [37m<-- GET /wd/hub/session/5ac440ef-8687-416b-855b-ca14d38ff396/source [39m[32m200[39m [90m31 ms - 36279[39m
[35m[HTTP][39m [90m[39m
[35m[HTTP][39m [37m-->[39m [37mGET[39m [37m/wd/hub/session/5ac440ef-8687-416b-855b-ca14d38ff396/screenshot[39m
[35m[HTTP][39m [90m{}[39m
[35m[HTTP][39m [37m<-- GET /wd/hub/session/5ac440ef-8687-416b-855b-ca14d38ff396/screenshot [39m[32m200[39m [90m100 ms - 187398[39m
[35m[HTTP][39m [90m[39m
[35m[HTTP][39m [37m-->[39m [37mPOST[39m [37m/wd/hub/session/5ac440ef-8687-416b-855b-ca14d38ff396/elements[39m
[35m[HTTP][39m [90m{"using":"xpath","value":"//*[@class = 'android.widget.TextView' and (@text = '󰆛 Kartu Debit/Kredit Saya' or . = '󰆛 Kartu Debit/Kredit Saya')]"}[39m
[35m[HTTP][39m [37m<-- POST /wd/hub/session/5ac440ef-8687-416b-855b-ca14d38ff396/elements [39m[32m200[39m [90m34 ms - 139[39m
[35m[HTTP][39m [90m[39m
[35m[HTTP][39m [37m-->[39m [37mGET[39m [37m/wd/hub/session/5ac440ef-8687-416b-855b-ca14d38ff396/window/rect[39m
[35m[HTTP][39m [90m{}[39m
[35m[HTTP][39m [37m<-- GET /wd/hub/session/5ac440ef-8687-416b-855b-ca14d38ff396/window/rect [39m[32m200[39m [90m3 ms - 49[39m
[35m[HTTP][39m [90m[39m
[35m[HTTP][39m [37m-->[39m [37mPOST[39m [37m/wd/hub/session/5ac440ef-8687-416b-855b-ca14d38ff396/elements[39m
[35m[HTTP][39m [90m{"using":"xpath","value":"//*[@class = 'android.widget.TextView' and (@text = '󰆛 Kartu Debit/Kredit Saya' or . = '󰆛 Kartu Debit/Kredit Saya')]"}[39m
[35m[HTTP][39m [37m<-- POST /wd/hub/session/5ac440ef-8687-416b-855b-ca14d38ff396/elements [39m[32m200[39m [90m27 ms - 139[39m
[35m[HTTP][39m [90m[39m
[35m[HTTP][39m [37m-->[39m [37mGET[39m [37m/wd/hub/session/5ac440ef-8687-416b-855b-ca14d38ff396/element/00000000-0000-0065-ffff-ffff0000050b/location[39m
[35m[HTTP][39m [90m{}[39m
[35m[W3C (5ac440ef)][39m Driver proxy active, passing request on via HTTP proxy
[35m[WD Proxy][39m Replacing sessionId 5a72513e-6ad5-4143-9b93-c35d7c7c9a60 with 5ac440ef-8687-416b-855b-ca14d38ff396
[35m[HTTP][39m [37m<-- GET /wd/hub/session/5ac440ef-8687-416b-855b-ca14d38ff396/element/00000000-0000-0065-ffff-ffff0000050b/location [39m[32m200[39m [90m5 ms - 79[39m
[35m[HTTP][39m [90m[39m
[35m[HTTP][39m [37m-->[39m [37mPOST[39m [37m/wd/hub/session/5ac440ef-8687-416b-855b-ca14d38ff396/element/00000000-0000-0065-ffff-ffff0000050b/click[39m
[35m[HTTP][39m [90m{"id":"00000000-0000-0065-ffff-ffff0000050b"}[39m
[35m[HTTP][39m [37m<-- POST /wd/hub/session/5ac440ef-8687-416b-855b-ca14d38ff396/element/00000000-0000-0065-ffff-ffff0000050b/click [39m[32m200[39m [90m33 ms - 14[39m
[35m[HTTP][39m [90m[39m
[35m[HTTP][39m [37m-->[39m [37mGET[39m [37m/wd/hub/session/5ac440ef-8687-416b-855b-ca14d38ff396/source[39m
[35m[HTTP][39m [90m{}[39m
[35m[W3C (5ac440ef)][39m Driver proxy active, passing request on via HTTP proxy
[35m[WD Proxy][39m Replacing sessionId 5a72513e-6ad5-4143-9b93-c35d7c7c9a60 with 5ac440ef-8687-416b-855b-ca14d38ff396
[35m[HTTP][39m [37m<-- GET /wd/hub/session/5ac440ef-8687-416b-855b-ca14d38ff396/source [39m[32m200[39m [90m453 ms - 13974[39m
[35m[HTTP][39m [90m[39m
[35m[HTTP][39m [37m-->[39m [37mGET[39m [37m/wd/hub/session/5ac440ef-8687-416b-855b-ca14d38ff396/screenshot[39m
[35m[HTTP][39m [90m{}[39m
[35m[HTTP][39m [37m<-- GET /wd/hub/session/5ac440ef-8687-416b-855b-ca14d38ff396/screenshot [39m[32m200[39m [90m93 ms - 108438[39m
[35m[HTTP][39m [90m[39m
[35m[HTTP][39m [37m-->[39m [37mGET[39m [37m/wd/hub/session/5ac440ef-8687-416b-855b-ca14d38ff396/source[39m
[35m[HTTP][39m [90m{}[39m
[35m[W3C (5ac440ef)][39m Driver proxy active, passing request on via HTTP proxy
[35m[WD Proxy][39m Replacing sessionId 5a72513e-6ad5-4143-9b93-c35d7c7c9a60 with 5ac440ef-8687-416b-855b-ca14d38ff396
[35m[HTTP][39m [37m<-- GET /wd/hub/session/5ac440ef-8687-416b-855b-ca14d38ff396/source [39m[32m200[39m [90m34 ms - 39906[39m
[35m[HTTP][39m [90m[39m
[35m[HTTP][39m [37m-->[39m [37mGET[39m [37m/wd/hub/session/5ac440ef-8687-416b-855b-ca14d38ff396/screenshot[39m
[35m[HTTP][39m [90m{}[39m
[35m[HTTP][39m [37m<-- GET /wd/hub/session/5ac440ef-8687-416b-855b-ca14d38ff396/screenshot [39m[32m200[39m [90m89 ms - 127542[39m
[35m[HTTP][39m [90m[39m
[35m[HTTP][39m [37m-->[39m [37mPOST[39m [37m/wd/hub/session/5ac440ef-8687-416b-855b-ca14d38ff396/elements[39m
[35m[HTTP][39m [90m{"using":"xpath","value":"//*[@class = 'android.view.ViewGroup' and (@text = '' or . = '')]"}[39m
[35m[HTTP][39m [37m<-- POST /wd/hub/session/5ac440ef-8687-416b-855b-ca14d38ff396/elements [39m[32m200[39m [90m34 ms - 5771[39m
[35m[HTTP][39m [90m[39m
[35m[HTTP][39m [37m-->[39m [37mPOST[39m [37m/wd/hub/session/5ac440ef-8687-416b-855b-ca14d38ff396/elements[39m
[35m[HTTP][39m [90m{"using":"-android uiautomator","value":"new UiSelector().className(\"android.view.ViewGroup\")"}[39m
[35m[HTTP][39m [37m<-- POST /wd/hub/session/5ac440ef-8687-416b-855b-ca14d38ff396/elements [39m[32m200[39m [90m90 ms - 5771[39m
[35m[HTTP][39m [90m[39m
[35m[HTTP][39m [37m-->[39m [37mGET[39m [37m/wd/hub/session/5ac440ef-8687-416b-855b-ca14d38ff396/window/rect[39m
[35m[HTTP][39m [90m{}[39m
[35m[HTTP][39m [37m<-- GET /wd/hub/session/5ac440ef-8687-416b-855b-ca14d38ff396/window/rect [39m[32m200[39m [90m4 ms - 49[39m
[35m[HTTP][39m [90m[39m
[35m[HTTP][39m [37m-->[39m [37mPOST[39m [37m/wd/hub/session/5ac440ef-8687-416b-855b-ca14d38ff396/elements[39m
[35m[HTTP][39m [90m{"using":"xpath","value":"//hierarchy/android.widget.FrameLayout[1]/android.widget.LinearLayout[1]/android.widget.FrameLayout[1]/android.widget.LinearLayout[1]/android.widget.FrameLayout[1]/android.widget.FrameLayout[1]/android.view.ViewGroup[1]/android.view.ViewGroup[1]/android.view.ViewGroup[1]/android.view.ViewGroup[1]/android.view.ViewGroup[1]/android.widget.FrameLayout[1]/android.view.ViewGroup[1]/android.view.ViewGroup[1]/android.view.ViewGroup[1]/android.view.ViewGroup[1]/android.view.ViewGroup[1]/android.view.ViewGroup[1]/android.widget.FrameLayout[1]/android.view.ViewGroup[1]/android.view.ViewGroup[1]/android.view.ViewGroup[1]/android.widget.ScrollView[1]/android.view.ViewGroup[1]/android.view.ViewGroup[8]/android.view.ViewGroup[1]"}[39m
[35m[HTTP][39m [37m<-- POST /wd/hub/session/5ac440ef-8687-416b-855b-ca14d38ff396/elements [39m[32m200[39m [90m20 ms - 139[39m
[35m[HTTP][39m [90m[39m
[35m[HTTP][39m [37m-->[39m [37mGET[39m [37m/wd/hub/session/5ac440ef-8687-416b-855b-ca14d38ff396/element/00000000-0000-0065-ffff-ffff0000051d/location[39m
[35m[HTTP][39m [90m{}[39m
[35m[W3C (5ac440ef)][39m Driver proxy active, passing request on via HTTP proxy
[35m[WD Proxy][39m Replacing sessionId 5a72513e-6ad5-4143-9b93-c35d7c7c9a60 with 5ac440ef-8687-416b-855b-ca14d38ff396
[35m[HTTP][39m [37m<-- GET /wd/hub/session/5ac440ef-8687-416b-855b-ca14d38ff396/element/00000000-0000-0065-ffff-ffff0000051d/location [39m[32m200[39m [90m7 ms - 77[39m
[35m[HTTP][39m [90m[39m
[35m[HTTP][39m [37m-->[39m [37mPOST[39m [37m/wd/hub/session/5ac440ef-8687-416b-855b-ca14d38ff396/element/00000000-0000-0065-ffff-ffff0000051d/click[39m
[35m[HTTP][39m [90m{"id":"00000000-0000-0065-ffff-ffff0000051d"}[39m
[35m[HTTP][39m [37m<-- POST /wd/hub/session/5ac440ef-8687-416b-855b-ca14d38ff396/element/00000000-0000-0065-ffff-ffff0000051d/click [39m[32m200[39m [90m26 ms - 14[39m
[35m[HTTP][39m [90m[39m
[35m[HTTP][39m [37m-->[39m [37mGET[39m [37m/wd/hub/session/5ac440ef-8687-416b-855b-ca14d38ff396/source[39m
[35m[HTTP][39m [90m{}[39m
[35m[W3C (5ac440ef)][39m Driver proxy active, passing request on via HTTP proxy
[35m[WD Proxy][39m Replacing sessionId 5a72513e-6ad5-4143-9b93-c35d7c7c9a60 with 5ac440ef-8687-416b-855b-ca14d38ff396
[35m[HTTP][39m [37m<-- GET /wd/hub/session/5ac440ef-8687-416b-855b-ca14d38ff396/source [39m[32m200[39m [90m426 ms - 15765[39m
[35m[HTTP][39m [90m[39m
[35m[HTTP][39m [37m-->[39m [37mGET[39m [37m/wd/hub/session/5ac440ef-8687-416b-855b-ca14d38ff396/screenshot[39m
[35m[HTTP][39m [90m{}[39m
[35m[HTTP][39m [37m<-- GET /wd/hub/session/5ac440ef-8687-416b-855b-ca14d38ff396/screenshot [39m[32m200[39m [90m279 ms - 957306[39m
[35m[HTTP][39m [90m[39m
[35m[HTTP][39m [37m-->[39m [37mDELETE[39m [37m/wd/hub/session/5ac440ef-8687-416b-855b-ca14d38ff396[39m
[35m[HTTP][39m [90m{}[39m
[35m[Appium][39m Removing session 5ac440ef-8687-416b-855b-ca14d38ff396 from our master session list
[35m[UiAutomator2][39m Restoring hidden api policy to the device default configuration
[35m[HTTP][39m [37m<-- DELETE /wd/hub/session/5ac440ef-8687-416b-855b-ca14d38ff396 [39m[32m200[39m [90m153 ms - 14[39m
[35m[HTTP][39m [90m[39m
